#
# There is insufficient memory for the Java Runtime Environment to continue.
# Native memory allocation (mmap) failed to map 536870912 bytes for G1 virtual space
# Possible reasons:
#   The system is out of physical RAM or swap space
#   The process is running with CompressedOops enabled, and the Java Heap may be blocking the growth of the native heap
# Possible solutions:
#   Reduce memory load on the system
#   Increase physical memory or swap space
#   Check if swap backing store is full
#   Decrease Java heap size (-Xmx/-Xms)
#   Decrease number of Java threads
#   Decrease Java thread stack sizes (-Xss)
#   Set larger code cache with -XX:ReservedCodeCacheSize=
#   JVM is running with Zero Based Compressed Oops mode in which the Java heap is
#     placed in the first 32GB address space. The Java Heap base address is the
#     maximum limit for the native heap growth. Please use -XX:HeapBaseMinAddress
#     to set the Java Heap base and to place the Java Heap above 32GB virtual address.
# This output file may be truncated or incomplete.
#
#  Out of Memory Error (os_windows.cpp:3466), pid=9880, tid=20304
#
# JRE version:  (16.0.2+7) (build )
# Java VM: OpenJDK 64-Bit Server VM (16.0.2+7-67, mixed mode, sharing, tiered, compressed oops, compressed class ptrs, g1 gc, windows-amd64)
# No core dump will be written. Minidumps are not enabled by default on client versions of Windows
#

---------------  S U M M A R Y ------------

Command Line: -XX:TieredStopAtLevel=1 -Xverify:none -Dspring.output.ansi.enabled=always -javaagent:D:\JetBrains\IntelliJ IDEA 2021.1.1\lib\idea_rt.jar=53224:D:\JetBrains\IntelliJ IDEA 2021.1.1\bin -Dcom.sun.management.jmxremote -Dspring.jmx.enabled=true -Dspring.liveBeansView.mbeanDomain -Dspring.application.admin.enabled=true -Dfile.encoding=UTF-8 com.example.demo.DemoApplication

Host: Intel(R) Core(TM) i7-10875H CPU @ 2.30GHz, 16 cores, 31G,  Windows 10 , 64 bit Build 22000 (10.0.22000.434)
Time: Sat Apr  9 13:48:44 2022  Windows 10 , 64 bit Build 22000 (10.0.22000.434) elapsed time: 0.008011 seconds (0d 0h 0m 0s)

---------------  T H R E A D  ---------------

Current thread (0x000001a20e318500):  JavaThread "Unknown thread" [_thread_in_vm, id=20304, stack(0x00000085afd00000,0x00000085afe00000)]

Stack: [0x00000085afd00000,0x00000085afe00000]
Native frames: (J=compiled Java code, j=interpreted, Vv=VM code, C=native code)
V  [jvm.dll+0x6681ca]
V  [jvm.dll+0x7c9e69]
V  [jvm.dll+0x7cb61e]
V  [jvm.dll+0x7cbc73]
V  [jvm.dll+0x242c55]
V  [jvm.dll+0x664f89]
V  [jvm.dll+0x659b75]
V  [jvm.dll+0x2fbfbb]
V  [jvm.dll+0x3031b6]
V  [jvm.dll+0x35299e]
V  [jvm.dll+0x352bcf]
V  [jvm.dll+0x2d3028]
V  [jvm.dll+0x2d4264]
V  [jvm.dll+0x79c741]
V  [jvm.dll+0x360791]
V  [jvm.dll+0x77a3f0]
V  [jvm.dll+0x3e4e8f]
V  [jvm.dll+0x3e6961]
C  [jli.dll+0x52fb]
C  [ucrtbase.dll+0x26c0c]
C  [KERNEL32.DLL+0x154e0]
C  [ntdll.dll+0x485b]


---------------  P R O C E S S  ---------------

Threads class SMR info:
_java_thread_list=0x00007ff95d46cbb8, length=0, elements={
}

Java Threads: ( => current thread )

Other Threads:
  0x000001a20e38edb0 GCTaskThread "GC Thread#0" [stack: 0x00000085afe00000,0x00000085aff00000] [id=22036]
  0x000001a20e39fbc0 ConcurrentGCThread "G1 Main Marker" [stack: 0x00000085aff00000,0x00000085b0000000] [id=15412]
  0x000001a20e3a1cf0 ConcurrentGCThread "G1 Conc#0" [stack: 0x00000085b0000000,0x00000085b0100000] [id=12640]

[error occurred during error reporting (printing all threads), id 0xc0000005, EXCEPTION_ACCESS_VIOLATION (0xc0000005) at pc=0x00007ff95cc43ee7]

VM state: not at safepoint (not fully initialized)

VM Mutex/Monitor currently owned by a thread:  ([mutex/lock_event])
[0x000001a20e3160c0] Heap_lock - owner thread: 0x000001a20e318500

Heap address: 0x0000000602800000, size: 8152 MB, Compressed Oops mode: Zero based, Oop shift amount: 3

CDS archive(s) mapped at: [0x0000000000000000-0x0000000000000000-0x0000000000000000), size 0, SharedBaseAddress: 0x0000000800000000, ArchiveRelocationMode: 0.
Narrow klass base: 0x0000000000000000, Narrow klass shift: 0, Narrow klass range: 0x0

GC Precious Log:
<Empty>

Heap:
 garbage-first heap   total 0K, used 0K [0x0000000602800000, 0x0000000800000000)
  region size 4096K, 0 young (0K), 0 survivors (0K)

[error occurred during error reporting (printing heap information), id 0xc0000005, EXCEPTION_ACCESS_VIOLATION (0xc0000005) at pc=0x00007ff95d021eed]

GC Heap History (0 events):
No events

Deoptimization events (0 events):
No events

Classes unloaded (0 events):
No events

Classes redefined (0 events):
No events

Internal exceptions (0 events):
No events

Events (1 events):
Event: 0.005 Loaded shared library C:\Users\TheCaitiff\.jdks\openjdk-16.0.2\bin\java.dll


Dynamic libraries:
0x00007ff6aef40000 - 0x00007ff6aef4e000 	C:\Users\TheCaitiff\.jdks\openjdk-16.0.2\bin\java.exe
0x00007ff9a5600000 - 0x00007ff9a5809000 	C:\WINDOWS\SYSTEM32\ntdll.dll
0x00007ff9a4060000 - 0x00007ff9a411d000 	C:\WINDOWS\System32\KERNEL32.DLL
0x00007ff9a2d00000 - 0x00007ff9a3074000 	C:\WINDOWS\System32\KERNELBASE.dll
0x00007ff9a3260000 - 0x00007ff9a3371000 	C:\WINDOWS\System32\ucrtbase.dll
0x00007ff98ed80000 - 0x00007ff98ed98000 	C:\Users\TheCaitiff\.jdks\openjdk-16.0.2\bin\jli.dll
0x00007ff98ed60000 - 0x00007ff98ed79000 	C:\Users\TheCaitiff\.jdks\openjdk-16.0.2\bin\VCRUNTIME140.dll
0x00007ff9a3590000 - 0x00007ff9a373c000 	C:\WINDOWS\System32\USER32.dll
0x00007ff9a2af0000 - 0x00007ff9a2b16000 	C:\WINDOWS\System32\win32u.dll
0x00007ff988270000 - 0x00007ff988515000 	C:\WINDOWS\WinSxS\amd64_microsoft.windows.common-controls_6595b64144ccf1df_6.0.22000.120_none_9d947278b86cc467\COMCTL32.dll
0x00007ff9a3970000 - 0x00007ff9a3999000 	C:\WINDOWS\System32\GDI32.dll
0x00007ff9a53f0000 - 0x00007ff9a5493000 	C:\WINDOWS\System32\msvcrt.dll
0x00007ff9a3380000 - 0x00007ff9a3492000 	C:\WINDOWS\System32\gdi32full.dll
0x00007ff9a2ba0000 - 0x00007ff9a2c3d000 	C:\WINDOWS\System32\msvcp_win.dll
0x00007ff9a39a0000 - 0x00007ff9a39d1000 	C:\WINDOWS\System32\IMM32.DLL
0x00007ff99ce90000 - 0x00007ff99ce9c000 	C:\Users\TheCaitiff\.jdks\openjdk-16.0.2\bin\vcruntime140_1.dll
0x00007ff98ec40000 - 0x00007ff98ecd1000 	C:\Users\TheCaitiff\.jdks\openjdk-16.0.2\bin\msvcp140.dll
0x00007ff95c960000 - 0x00007ff95d50b000 	C:\Users\TheCaitiff\.jdks\openjdk-16.0.2\bin\server\jvm.dll
0x00007ff9a4130000 - 0x00007ff9a41de000 	C:\WINDOWS\System32\ADVAPI32.dll
0x00007ff9a5520000 - 0x00007ff9a55be000 	C:\WINDOWS\System32\sechost.dll
0x00007ff9a3840000 - 0x00007ff9a3960000 	C:\WINDOWS\System32\RPCRT4.dll
0x00007ff9a4120000 - 0x00007ff9a4128000 	C:\WINDOWS\System32\PSAPI.DLL
0x00007ff98c4a0000 - 0x00007ff98c4a9000 	C:\WINDOWS\SYSTEM32\WSOCK32.dll
0x00007ff99ba10000 - 0x00007ff99ba1a000 	C:\WINDOWS\SYSTEM32\VERSION.dll
0x00007ff99ba20000 - 0x00007ff99ba53000 	C:\WINDOWS\SYSTEM32\WINMM.dll
0x00007ff9a3dc0000 - 0x00007ff9a3e2f000 	C:\WINDOWS\System32\WS2_32.dll
0x00007ff9a1ce0000 - 0x00007ff9a1cf8000 	C:\WINDOWS\SYSTEM32\kernel.appcore.dll
0x00007ff99cb70000 - 0x00007ff99cb7a000 	C:\Users\TheCaitiff\.jdks\openjdk-16.0.2\bin\jimage.dll
0x00007ff9a08b0000 - 0x00007ff9a0ad1000 	C:\WINDOWS\SYSTEM32\DBGHELP.DLL
0x00007ff98b750000 - 0x00007ff98b781000 	C:\WINDOWS\SYSTEM32\dbgcore.DLL
0x00007ff9a2b20000 - 0x00007ff9a2b9f000 	C:\WINDOWS\System32\bcryptPrimitives.dll
0x00007ff99bae0000 - 0x00007ff99baee000 	C:\Users\TheCaitiff\.jdks\openjdk-16.0.2\bin\instrument.dll
0x00007ff98ec10000 - 0x00007ff98ec35000 	C:\Users\TheCaitiff\.jdks\openjdk-16.0.2\bin\java.dll

dbghelp: loaded successfully - version: 4.0.5 - missing functions: none
symbol engine: initialized successfully - sym options: 0x614 - pdb path: .;C:\Users\TheCaitiff\.jdks\openjdk-16.0.2\bin;C:\WINDOWS\SYSTEM32;C:\WINDOWS\WinSxS\amd64_microsoft.windows.common-controls_6595b64144ccf1df_6.0.22000.120_none_9d947278b86cc467;C:\Users\TheCaitiff\.jdks\openjdk-16.0.2\bin\server

VM Arguments:
jvm_args: -XX:TieredStopAtLevel=1 -Xverify:none -Dspring.output.ansi.enabled=always -javaagent:D:\JetBrains\IntelliJ IDEA 2021.1.1\lib\idea_rt.jar=53224:D:\JetBrains\IntelliJ IDEA 2021.1.1\bin -Dcom.sun.management.jmxremote -Dspring.jmx.enabled=true -Dspring.liveBeansView.mbeanDomain -Dspring.application.admin.enabled=true -Dfile.encoding=UTF-8 
java_command: com.example.demo.DemoApplication
java_class_path (initial): D:\Java\News\target\classes;C:\Users\TheCaitiff\.m2\repository\org\springframework\boot\spring-boot-starter-data-jpa\2.6.6\spring-boot-starter-data-jpa-2.6.6.jar;C:\Users\TheCaitiff\.m2\repository\org\springframework\boot\spring-boot-starter-aop\2.6.6\spring-boot-starter-aop-2.6.6.jar;C:\Users\TheCaitiff\.m2\repository\org\springframework\spring-aop\5.3.18\spring-aop-5.3.18.jar;C:\Users\TheCaitiff\.m2\repository\org\aspectj\aspectjweaver\1.9.7\aspectjweaver-1.9.7.jar;C:\Users\TheCaitiff\.m2\repository\org\springframework\boot\spring-boot-starter-jdbc\2.6.6\spring-boot-starter-jdbc-2.6.6.jar;C:\Users\TheCaitiff\.m2\repository\com\zaxxer\HikariCP\4.0.3\HikariCP-4.0.3.jar;C:\Users\TheCaitiff\.m2\repository\org\springframework\spring-jdbc\5.3.18\spring-jdbc-5.3.18.jar;C:\Users\TheCaitiff\.m2\repository\jakarta\transaction\jakarta.transaction-api\1.3.3\jakarta.transaction-api-1.3.3.jar;C:\Users\TheCaitiff\.m2\repository\jakarta\persistence\jakarta.persistence-api\2.2.3\jakarta.persistence-api-2.2.3.jar;C:\Users\TheCaitiff\.m2\repository\org\hibernate\hibernate-core\5.6.7.Final\hibernate-core-5.6.7.Final.jar;C:\Users\TheCaitiff\.m2\repository\org\jboss\logging\jboss-logging\3.4.3.Final\jboss-logging-3.4.3.Final.jar;C:\Users\TheCaitiff\.m2\repository\net\bytebuddy\byte-buddy\1.11.22\byte-buddy-1.11.22.jar;C:\Users\TheCaitiff\.m2\repository\antlr\antlr\2.7.7\antlr-2.7.7.jar;C:\Users\TheCaitiff\.m2\repository\org\jboss\jandex\2.4.2.Final\jandex-2.4.2.Final.jar;C:\Users\TheCaitiff\.m2\repository\com\fasterxml\classmate\1.5.1\classmate-1.5.1.jar;C:\Users\TheCaitiff\.m2\repository\org\hibernate\common\hibernate-commons-annotations\5.1.2.Final\hibernate-commons-annotations-5.1.2.Final.jar;C:\Users\TheCaitiff\.m2\repository\org\glassfish\jaxb\jaxb-runtime\2.3.6\jaxb-runtime-2.3.6.jar;C:\Users\TheCaitiff\.m2\repository\org\glassfish\jaxb\txw2\2.3.6\txw2-2.3.6.jar;C:\Users\TheCaitiff\.m2\repository\com\sun\istack\istack-commons-runtime\3.0.12\istack-com
Launcher Type: SUN_STANDARD

[Global flags]
     intx CICompilerCount                          = 12                                        {product} {ergonomic}
     uint ConcGCThreads                            = 3                                         {product} {ergonomic}
     uint G1ConcRefinementThreads                  = 13                                        {product} {ergonomic}
   size_t G1HeapRegionSize                         = 4194304                                   {product} {ergonomic}
    uintx GCDrainStackTargetSize                   = 64                                        {product} {ergonomic}
   size_t InitialHeapSize                          = 536870912                                 {product} {ergonomic}
     bool ManagementServer                         = true                                      {product} {command line}
   size_t MarkStackSize                            = 4194304                                   {product} {ergonomic}
   size_t MaxHeapSize                              = 8547991552                                {product} {ergonomic}
   size_t MinHeapDeltaBytes                        = 4194304                                   {product} {ergonomic}
   size_t MinHeapSize                              = 8388608                                   {product} {ergonomic}
    uintx NonNMethodCodeHeapSize                   = 12163472                               {pd product} {ergonomic}
    uintx NonProfiledCodeHeapSize                  = 239494768                              {pd product} {ergonomic}
    uintx ProfiledCodeHeapSize                     = 0                                      {pd product} {ergonomic}
    uintx ReservedCodeCacheSize                    = 251658240                              {pd product} {ergonomic}
     bool SegmentedCodeCache                       = true                                      {product} {ergonomic}
   size_t SoftMaxHeapSize                          = 8547991552                             {manageable} {ergonomic}
     intx TieredStopAtLevel                        = 1                                         {product} {command line}
     bool UseCompressedClassPointers               = true                           {product lp64_product} {ergonomic}
     bool UseCompressedOops                        = true                           {product lp64_product} {ergonomic}
     bool UseG1GC                                  = true                                      {product} {ergonomic}
     bool UseLargePagesIndividualAllocation        = false                                  {pd product} {ergonomic}

Logging:
Log output configuration:
 #0: stdout all=warning uptime,level,tags
 #1: stderr all=off uptime,level,tags

Environment Variables:
JAVA_HOME=C:\Program Files\Java\jdk-15.0.2;C:\Users\TheCaitiff\.jdks\corretto-1.8.0_312
CLASSPATH=.;C:\Program Files\Java\jdk-15.0.2;C:\Users\TheCaitiff\.jdks\corretto-1.8.0_312\lib\dt.jar;C:\Program Files\Java\jdk-15.0.2;C:\Users\TheCaitiff\.jdks\corretto-1.8.0_312\lib\tools.jar;D:\hadoop-2.7.7;\bin\winutils.exe
PATH=C:\Program Files (x86)\VMware\VMware Workstation\bin\;C:\Program Files\Common Files\Oracle\Java\javapath;C:\Windows\system32;C:\Windows;C:\Windows\System32\Wbem;C:\Windows\System32\WindowsPowerShell\v1.0\;C:\Windows\System32\OpenSSH\;C:\Program Files (x86)\NVIDIA Corporation\PhysX\Common;C:\Program Files\NVIDIA Corporation\NVIDIA NvDLISR;"C:\Program Files\Java\jdk-15.0.2;C:\Users\TheCaitiff\.jdks\corretto-1.8.0_312\bin;C:\Program Files\Java\jdk-15.0.2;C:\Users\TheCaitiff\.jdks\corretto-1.8.0_312\jre\bin;";C:\Program Files\Microsoft SQL Server\130\Tools\Binn\;C:\Program Files\Microsoft SQL Server\Client SDK\ODBC\170\Tools\Binn\;C:\Users\TheCaitiff\cjn11234\Perl-5.32;C:\Program Files\dotnet\;D:\hadoop-2.7.7\bin;C:\Program Files (x86)\scala\bin;D:\hadoop-2.7.7\sbin;D:\hadoop-2.7.7;;D:\hadoop-2.7.7;\bin;D:\新建文件夹\spark-3.0.1-bin-hadoop2.7\spark-3.0.1-bin-hadoop2.7\bin;D:\新建文件夹\spark-3.0.1-bin-hadoop2.7\spark-3.0.1-bin-hadoop2.7\sbin;"SPARK_HOME%\python;D:\新建文件夹\spark-3.0.1-bin-hadoop2.7\spark-3.0.1-bin-hadoop2.7\python\lib\py4j-0.10.9-src;%PYTHONPATH%";C:\WINDOWS\system32;C:\WINDOWS;C:\WINDOWS\System32\Wbem;C:\WINDOWS\System32\WindowsPowerShell\v1.0\;C:\WINDOWS\System32\OpenSSH\;D:\Program Files\Git\cmd;C:\Users\TheCaitiff\AppData\Local\Programs\Python\Python38\Scripts\;C:\Users\TheCaitiff\AppData\Local\Programs\Python\Python38\;C:\Users\TheCaitiff\AppData\Local\ActiveState\StateTool\release;C:\Users\TheCaitiff\AppData\Local\activestate\cache\bin;C:\Users\TheCaitiff\AppData\Local\Microsoft\WindowsApps;C:\ProgramData\TheCaitiff\GitHubDesktop\bin;C:\Users\TheCaitiff\AppData\Local\GitHubDesktop\bin;D:\JetBrains\IntelliJ IDEA 2021.1.1\bin;;C:\Users\TheCaitiff\AppData\Local\Programs\Microsoft VS Code\bin;C:\Users\TheCaitiff\.dotnet\tools;D:\新建文件夹\spark-3.0.1-bin-hadoop2.7\spark-3.0.1-bin-hadoop2.7\bin;D:\scala\scala-2.12.15\scala-2.12.15\bin;D:\hadoop-2.7.7\bin;D:\hadoop-2.7.7\sbin;D:\hadoop-2.7.7;;D:\hadoop-2.7.7;\bin;
USERNAME=TheCaitiff
OS=Windows_NT
PROCESSOR_IDENTIFIER=Intel64 Family 6 Model 165 Stepping 2, GenuineIntel



---------------  S Y S T E M  ---------------

OS:
 Windows 10 , 64 bit Build 22000 (10.0.22000.434)
OS uptime: 4 days 22:37 hours

CPU: total 16 (initial active 16) (8 cores per cpu, 2 threads per core) family 6 model 165 stepping 2 microcode 0xe0, cx8, cmov, fxsr, ht, mmx, 3dnowpref, sse, sse2, sse3, ssse3, sse4.1, sse4.2, popcnt, lzcnt, tsc, tscinvbit, avx, avx2, aes, erms, clmul, bmi1, bmi2, adx, fma, vzeroupper, clflush, clflushopt

Memory: 4k page, system-wide physical 32604M (10764M free)
TotalPageFile size 58117M (AvailPageFile size 189M)
current process WorkingSet (physical memory assigned to process): 11M, peak: 11M
current process commit charge ("private bytes"): 68M, peak: 580M

vm_info: OpenJDK 64-Bit Server VM (16.0.2+7-67) for windows-amd64 JRE (16.0.2+7-67), built on Jun  8 2021 23:21:43 by "mach5one" with MS VC++ 16.7 (VS2019)

END.
